[debug] [2026-06-28T20:59:32.077Z] ----------------------------------------------------------------------
[debug] [2026-06-28T20:59:32.078Z] Command:       /Users/brindusanraul/.nvm/versions/node/v20.19.6/bin/node /Users/brindusanraul/.nvm/versions/node/v20.19.6/bin/firebase deploy --only functions:sendOfferEmail
[debug] [2026-06-28T20:59:32.078Z] CLI Version:   15.16.0
[debug] [2026-06-28T20:59:32.078Z] Platform:      darwin
[debug] [2026-06-28T20:59:32.078Z] Node Version:  v20.19.6
[debug] [2026-06-28T20:59:32.078Z] Time:          Sun Jun 28 2026 23:59:32 GMT+0300 (Eastern European Summer Time)
[debug] [2026-06-28T20:59:32.078Z] ----------------------------------------------------------------------
[debug] 
[debug] [2026-06-28T20:59:32.628Z] > command requires scopes: ["email","openid","https://www.googleapis.com/auth/cloudplatformprojects.readonly","https://www.googleapis.com/auth/firebase","https://www.googleapis.com/auth/cloud-platform"]
[debug] [2026-06-28T20:59:32.628Z] > authorizing via signed-in user (brindusanraull@gmail.com)
[debug] [2026-06-28T20:59:32.628Z] [iam] checking project automode-75122 for permissions ["cloudfunctions.functions.create","cloudfunctions.functions.delete","cloudfunctions.functions.get","cloudfunctions.functions.list","cloudfunctions.functions.update","cloudfunctions.operations.get","firebase.projects.get"]
[debug] [2026-06-28T20:59:32.628Z] Checked if tokens are valid: true, expires at: 1782681523473
[debug] [2026-06-28T20:59:32.628Z] Checked if tokens are valid: true, expires at: 1782681523473
[debug] [2026-06-28T20:59:32.629Z] >>> [apiv2][query] POST https://cloudresourcemanager.googleapis.com/v1/projects/automode-75122:testIamPermissions [none]
[debug] [2026-06-28T20:59:32.629Z] >>> [apiv2][(partial)header] POST https://cloudresourcemanager.googleapis.com/v1/projects/automode-75122:testIamPermissions  x-goog-user-project=automode-75122
[debug] [2026-06-28T20:59:32.629Z] >>> [apiv2][body] POST https://cloudresourcemanager.googleapis.com/v1/projects/automode-75122:testIamPermissions {"permissions":["cloudfunctions.functions.create","cloudfunctions.functions.delete","cloudfunctions.functions.get","cloudfunctions.functions.list","cloudfunctions.functions.update","cloudfunctions.operations.get","firebase.projects.get"]}
[debug] [2026-06-28T20:59:33.658Z] <<< [apiv2][status] POST https://cloudresourcemanager.googleapis.com/v1/projects/automode-75122:testIamPermissions 200
[debug] [2026-06-28T20:59:33.658Z] <<< [apiv2][body] POST https://cloudresourcemanager.googleapis.com/v1/projects/automode-75122:testIamPermissions {"permissions":["cloudfunctions.functions.create","cloudfunctions.functions.delete","cloudfunctions.functions.get","cloudfunctions.functions.list","cloudfunctions.functions.update","cloudfunctions.operations.get","firebase.projects.get"]}
[debug] [2026-06-28T20:59:33.659Z] Checked if tokens are valid: true, expires at: 1782681523473
[debug] [2026-06-28T20:59:33.659Z] Checked if tokens are valid: true, expires at: 1782681523473
[debug] [2026-06-28T20:59:33.659Z] >>> [apiv2][query] POST https://iam.googleapis.com/v1/projects/automode-75122/serviceAccounts/automode-75122@appspot.gserviceaccount.com:testIamPermissions [none]
[debug] [2026-06-28T20:59:33.659Z] >>> [apiv2][body] POST https://iam.googleapis.com/v1/projects/automode-75122/serviceAccounts/automode-75122@appspot.gserviceaccount.com:testIamPermissions {"permissions":["iam.serviceAccounts.actAs"]}
[debug] [2026-06-28T20:59:34.667Z] <<< [apiv2][status] POST https://iam.googleapis.com/v1/projects/automode-75122/serviceAccounts/automode-75122@appspot.gserviceaccount.com:testIamPermissions 200
[debug] [2026-06-28T20:59:34.668Z] <<< [apiv2][body] POST https://iam.googleapis.com/v1/projects/automode-75122/serviceAccounts/automode-75122@appspot.gserviceaccount.com:testIamPermissions {"permissions":["iam.serviceAccounts.actAs"]}
[info] 
[info] === Deploying to 'automode-75122'...
[info] 
[info] i  deploying functions 
[info] Running command: npm --prefix "$RESOURCE_DIR" run build
[info] ✔  functions: Finished running predeploy script. 
[debug] [2026-06-28T20:59:35.406Z] Checked if tokens are valid: true, expires at: 1782681523473
[debug] [2026-06-28T20:59:35.406Z] Checked if tokens are valid: true, expires at: 1782681523473
[debug] [2026-06-28T20:59:35.406Z] >>> [apiv2][query] GET https://cloudresourcemanager.googleapis.com/v1/projects/automode-75122 [none]
[debug] [2026-06-28T20:59:35.628Z] <<< [apiv2][status] GET https://cloudresourcemanager.googleapis.com/v1/projects/automode-75122 200
[debug] [2026-06-28T20:59:35.628Z] <<< [apiv2][body] GET https://cloudresourcemanager.googleapis.com/v1/projects/automode-75122 {"projectNumber":"808061300118","projectId":"automode-75122","lifecycleState":"ACTIVE","name":"automode","labels":{"firebase":"enabled","firebase-core":"disabled"},"createTime":"2025-11-12T16:08:20.136603Z"}
[info] i  functions: preparing codebase default for deployment 
[info] i  functions: ensuring required API cloudfunctions.googleapis.com is enabled... 
[info] i  functions: ensuring required API cloudbuild.googleapis.com is enabled... 
[info] i  artifactregistry: ensuring required API artifactregistry.googleapis.com is enabled... 
[debug] [2026-06-28T20:59:35.629Z] Checked if tokens are valid: true, expires at: 1782681523473
[debug] [2026-06-28T20:59:35.629Z] Checked if tokens are valid: true, expires at: 1782681523473
[debug] [2026-06-28T20:59:35.629Z] >>> [apiv2][query] GET https://firebase.googleapis.com/v1beta1/projects/automode-75122/adminSdkConfig [none]
